<?xml version="1.0" encoding="UTF-8"?>
<testsuite xmlns:xsi="http://www.w3.org/2001/XMLSchema-instance" xsi:noNamespaceSchemaLocation="https://maven.apache.org/surefire/maven-surefire-plugin/xsd/surefire-test-report-3.0.xsd" version="3.0" name="ci.training.WalletServiceTest" time="0.422" tests="11" errors="0" skipped="0" failures="1">
  <properties>
    <property name="sun.desktop" value="windows"/>
    <property name="awt.toolkit" value="sun.awt.windows.WToolkit"/>
    <property name="file.encoding.pkg" value="sun.io"/>
    <property name="java.specification.version" value="1.8"/>
    <property name="sun.cpu.isalist" value="amd64"/>
    <property name="sun.jnu.encoding" value="Cp1252"/>
    <property name="java.class.path" value="C:\CIGit\training\target\test-classes;C:\CIGit\training\target\classes;C:\Users\zdannawi\.m2\repository\junit\junit\4.12\junit-4.12.jar;C:\Users\zdannawi\.m2\repository\org\hamcrest\hamcrest-core\1.3\hamcrest-core-1.3.jar;C:\Users\zdannawi\.m2\repository\org\mockito\mockito-all\1.9.5\mockito-all-1.9.5.jar;"/>
    <property name="java.vm.vendor" value="Oracle Corporation"/>
    <property name="sun.arch.data.model" value="64"/>
    <property name="user.variant" value=""/>
    <property name="java.vendor.url" value="http://java.oracle.com/"/>
    <property name="user.timezone" value="America/Chicago"/>
    <property name="java.vm.specification.version" value="1.8"/>
    <property name="os.name" value="Windows 10"/>
    <property name="user.country" value="US"/>
    <property name="sun.java.launcher" value="SUN_STANDARD"/>
    <property name="sun.boot.library.path" value="C:\Program Files\Java\jdk1.8.0_211\jre\bin"/>
    <property name="sun.java.command" value="C:\Users\zdannawi\AppData\Local\Temp\surefire7561047246863999895\surefirebooter8805817679770335881.jar C:\Users\zdannawi\AppData\Local\Temp\surefire7561047246863999895 2019-07-11T14-55-06_180-jvmRun1 surefire5668173778404748194tmp surefire_01516594310893094606tmp"/>
    <property name="surefire.test.class.path" value="C:\CIGit\training\target\test-classes;C:\CIGit\training\target\classes;C:\Users\zdannawi\.m2\repository\junit\junit\4.12\junit-4.12.jar;C:\Users\zdannawi\.m2\repository\org\hamcrest\hamcrest-core\1.3\hamcrest-core-1.3.jar;C:\Users\zdannawi\.m2\repository\org\mockito\mockito-all\1.9.5\mockito-all-1.9.5.jar;"/>
    <property name="sun.cpu.endian" value="little"/>
    <property name="user.home" value="C:\Users\zdannawi"/>
    <property name="user.language" value="en"/>
    <property name="java.specification.vendor" value="Oracle Corporation"/>
    <property name="java.home" value="C:\Program Files\Java\jdk1.8.0_211\jre"/>
    <property name="basedir" value="C:\CIGit\training"/>
    <property name="style.color" value="always"/>
    <property name="file.separator" value="\"/>
    <property name="line.separator" value="&#10;"/>
    <property name="java.vm.specification.vendor" value="Oracle Corporation"/>
    <property name="java.specification.name" value="Java Platform API Specification"/>
    <property name="java.awt.graphicsenv" value="sun.awt.Win32GraphicsEnvironment"/>
    <property name="surefire.real.class.path" value="C:\Users\zdannawi\AppData\Local\Temp\surefire7561047246863999895\surefirebooter8805817679770335881.jar"/>
    <property name="sun.boot.class.path" value="C:\Program Files\Java\jdk1.8.0_211\jre\lib\resources.jar;C:\Program Files\Java\jdk1.8.0_211\jre\lib\rt.jar;C:\Program Files\Java\jdk1.8.0_211\jre\lib\sunrsasign.jar;C:\Program Files\Java\jdk1.8.0_211\jre\lib\jsse.jar;C:\Program Files\Java\jdk1.8.0_211\jre\lib\jce.jar;C:\Program Files\Java\jdk1.8.0_211\jre\lib\charsets.jar;C:\Program Files\Java\jdk1.8.0_211\jre\lib\jfr.jar;C:\Program Files\Java\jdk1.8.0_211\jre\classes"/>
    <property name="user.script" value=""/>
    <property name="sun.management.compiler" value="HotSpot 64-Bit Tiered Compilers"/>
    <property name="java.runtime.version" value="1.8.0_211-b12"/>
    <property name="user.name" value="zdannawi"/>
    <property name="path.separator" value=";"/>
    <property name="os.version" value="10.0"/>
    <property name="java.endorsed.dirs" value="C:\Program Files\Java\jdk1.8.0_211\jre\lib\endorsed"/>
    <property name="java.runtime.name" value="Java(TM) SE Runtime Environment"/>
    <property name="file.encoding" value="Cp1252"/>
    <property name="java.vm.name" value="Java HotSpot(TM) 64-Bit Server VM"/>
    <property name="localRepository" value="C:\Users\zdannawi\.m2\repository"/>
    <property name="java.vendor.url.bug" value="http://bugreport.sun.com/bugreport/"/>
    <property name="java.io.tmpdir" value="C:\Users\zdannawi\AppData\Local\Temp\"/>
    <property name="java.version" value="1.8.0_211"/>
    <property name="user.dir" value="C:\CIGit\training"/>
    <property name="os.arch" value="amd64"/>
    <property name="java.vm.specification.name" value="Java Virtual Machine Specification"/>
    <property name="java.awt.printerjob" value="sun.awt.windows.WPrinterJob"/>
    <property name="sun.os.patch.level" value=""/>
    <property name="java.library.path" value="C:\Program Files\Java\jdk1.8.0_211\jre\bin;C:\WINDOWS\Sun\Java\bin;C:\WINDOWS\system32;C:\WINDOWS;C:/Program Files/Java/jdk1.8.0_211/bin/../jre/bin/server;C:/Program Files/Java/jdk1.8.0_211/bin/../jre/bin;C:/Program Files/Java/jdk1.8.0_211/bin/../jre/lib/amd64;C:\Program Files\Java\jdk1.8.0_211\bin;C:\Gradle\gradle-5.4.1\bin;C:\WINDOWS\system32;C:\WINDOWS;C:\WINDOWS\System32\Wbem;C:\WINDOWS\System32\WindowsPowerShell\v1.0\;C:\WINDOWS\System32\OpenSSH\;C:\Program Files\Git\bin\;C:\Users\zdannawi\AppData\Roaming\Cloud Foundry;C:\Program Files\nodejs\;C:\Program Files\Intel\WiFi\bin\;C:\Program Files\Common Files\Intel\WirelessCommon\;C:\Program Files (x86)\PuTTY\;C:\Users\zdannawi\AppData\Local\Microsoft\WindowsApps;C:\Users\zdannawi\AppData\Roaming\npm;C:\Users\zdannawi\AppData\Local\atom\bin;C:\STS\sts-4.2.1.RELEASE;;."/>
    <property name="java.vm.info" value="mixed mode"/>
    <property name="java.vendor" value="Oracle Corporation"/>
    <property name="java.vm.version" value="25.211-b12"/>
    <property name="java.ext.dirs" value="C:\Program Files\Java\jdk1.8.0_211\jre\lib\ext;C:\WINDOWS\Sun\Java\lib\ext"/>
    <property name="sun.io.unicode.encoding" value="UnicodeLittle"/>
    <property name="java.class.version" value="52.0"/>
  </properties>
  <testcase name="test_showBalance_returnsNullForInvalidAccount" classname="ci.training.WalletServiceTest" time="0.211"/>
  <testcase name="test_deposit_returnsNullForInvalidAccount" classname="ci.training.WalletServiceTest" time="0"/>
  <testcase name="test_deposit_amountShouldNotBeLessThanZero" classname="ci.training.WalletServiceTest" time="0"/>
  <testcase name="test_deposit_success" classname="ci.training.WalletServiceTest" time="0.016">
    <failure message="expected:&lt;700&gt; but was:&lt;600&gt;" type="java.lang.AssertionError"><![CDATA[java.lang.AssertionError: expected:<700> but was:<600>
	at ci.training.WalletServiceTest.test_deposit_success(WalletServiceTest.java:108)
]]></failure>
  </testcase>
  <testcase name="test_showBalance_throwsExceptionForIllegalArguments" classname="ci.training.WalletServiceTest" time="0"/>
  <testcase name="test_showBalance_success" classname="ci.training.WalletServiceTest" time="0"/>
  <testcase name="test_createWallet_success" classname="ci.training.WalletServiceTest" time="0"/>
  <testcase name="test_withdraw_returnsNullForInvalidAccount" classname="ci.training.WalletServiceTest" time="0"/>
  <testcase name="test_withdraw_insufficientBalance" classname="ci.training.WalletServiceTest" time="0"/>
  <testcase name="test_withdraw_success" classname="ci.training.WalletServiceTest" time="0"/>
  <testcase name="test_createWallet_throwsExceptionForIlllegalArguments" classname="ci.training.WalletServiceTest" time="0"/>
</testsuite>